Traceback (most recent call last):
  File "/Users/mehdimir/miniforge3/envs/jupyterbook/lib/python3.10/site-packages/jupyter_core/utils/__init__.py", line 154, in wrapped
    asyncio.get_running_loop()
RuntimeError: no running event loop

During handling of the above exception, another exception occurred:

Traceback (most recent call last):
  File "/Users/mehdimir/miniforge3/envs/jupyterbook/lib/python3.10/site-packages/jupyter_cache/executors/utils.py", line 58, in single_nb_execution
    executenb(
  File "/Users/mehdimir/miniforge3/envs/jupyterbook/lib/python3.10/site-packages/nbclient/client.py", line 1319, in execute
    return NotebookClient(nb=nb, resources=resources, km=km, **kwargs).execute()
  File "/Users/mehdimir/miniforge3/envs/jupyterbook/lib/python3.10/site-packages/jupyter_core/utils/__init__.py", line 158, in wrapped
    return loop.run_until_complete(inner)
  File "/Users/mehdimir/miniforge3/envs/jupyterbook/lib/python3.10/asyncio/base_events.py", line 649, in run_until_complete
    return future.result()
  File "/Users/mehdimir/miniforge3/envs/jupyterbook/lib/python3.10/site-packages/nbclient/client.py", line 709, in async_execute
    await self.async_execute_cell(
  File "/Users/mehdimir/miniforge3/envs/jupyterbook/lib/python3.10/site-packages/nbclient/client.py", line 1062, in async_execute_cell
    await self._check_raise_for_error(cell, cell_index, exec_reply)
  File "/Users/mehdimir/miniforge3/envs/jupyterbook/lib/python3.10/site-packages/nbclient/client.py", line 918, in _check_raise_for_error
    raise CellExecutionError.from_cell_and_msg(cell, exec_reply_content)
nbclient.exceptions.CellExecutionError: An error occurred while executing the following cell:
------------------
df.head()
df.describe()
df.mean()
df.dropna()

------------------


[0;31m---------------------------------------------------------------------------[0m
[0;31mTypeError[0m                                 Traceback (most recent call last)
Cell [0;32mIn[14], line 3[0m
[1;32m      1[0m df[38;5;241m.[39mhead()
[1;32m      2[0m df[38;5;241m.[39mdescribe()
[0;32m----> 3[0m [43mdf[49m[38;5;241;43m.[39;49m[43mmean[49m[43m([49m[43m)[49m
[1;32m      4[0m df[38;5;241m.[39mdropna()

File [0;32m~/miniforge3/envs/jupyterbook/lib/python3.10/site-packages/pandas/core/frame.py:11720[0m, in [0;36mDataFrame.mean[0;34m(self, axis, skipna, numeric_only, **kwargs)[0m
[1;32m  11712[0m [38;5;129m@doc[39m(make_doc([38;5;124m"[39m[38;5;124mmean[39m[38;5;124m"[39m, ndim[38;5;241m=[39m[38;5;241m2[39m))
[1;32m  11713[0m [38;5;28;01mdef[39;00m[38;5;250m [39m[38;5;21mmean[39m(
[1;32m  11714[0m     [38;5;28mself[39m,
[0;32m   (...)[0m
[1;32m  11718[0m     [38;5;241m*[39m[38;5;241m*[39mkwargs,
[1;32m  11719[0m ):
[0;32m> 11720[0m     result [38;5;241m=[39m [38;5;28;43msuper[39;49m[43m([49m[43m)[49m[38;5;241;43m.[39;49m[43mmean[49m[43m([49m[43maxis[49m[43m,[49m[43m [49m[43mskipna[49m[43m,[49m[43m [49m[43mnumeric_only[49m[43m,[49m[43m [49m[38;5;241;43m*[39;49m[38;5;241;43m*[39;49m[43mkwargs[49m[43m)[49m
[1;32m  11721[0m     [38;5;28;01mif[39;00m [38;5;28misinstance[39m(result, Series):
[1;32m  11722[0m         result [38;5;241m=[39m result[38;5;241m.[39m__finalize__([38;5;28mself[39m, method[38;5;241m=[39m[38;5;124m"[39m[38;5;124mmean[39m[38;5;124m"[39m)

File [0;32m~/miniforge3/envs/jupyterbook/lib/python3.10/site-packages/pandas/core/generic.py:12485[0m, in [0;36mNDFrame.mean[0;34m(self, axis, skipna, numeric_only, **kwargs)[0m
[1;32m  12478[0m [38;5;28;01mdef[39;00m[38;5;250m [39m[38;5;21mmean[39m(
[1;32m  12479[0m     [38;5;28mself[39m,
[1;32m  12480[0m     axis: Axis [38;5;241m|[39m [38;5;28;01mNone[39;00m [38;5;241m=[39m [38;5;241m0[39m,
[0;32m   (...)[0m
[1;32m  12483[0m     [38;5;241m*[39m[38;5;241m*[39mkwargs,
[1;32m  12484[0m ) [38;5;241m-[39m[38;5;241m>[39m Series [38;5;241m|[39m [38;5;28mfloat[39m:
[0;32m> 12485[0m     [38;5;28;01mreturn[39;00m [38;5;28;43mself[39;49m[38;5;241;43m.[39;49m[43m_stat_function[49m[43m([49m
[1;32m  12486[0m [43m        [49m[38;5;124;43m"[39;49m[38;5;124;43mmean[39;49m[38;5;124;43m"[39;49m[43m,[49m[43m [49m[43mnanops[49m[38;5;241;43m.[39;49m[43mnanmean[49m[43m,[49m[43m [49m[43maxis[49m[43m,[49m[43m [49m[43mskipna[49m[43m,[49m[43m [49m[43mnumeric_only[49m[43m,[49m[43m [49m[38;5;241;43m*[39;49m[38;5;241;43m*[39;49m[43mkwargs[49m
[1;32m  12487[0m [43m    [49m[43m)[49m

File [0;32m~/miniforge3/envs/jupyterbook/lib/python3.10/site-packages/pandas/core/generic.py:12442[0m, in [0;36mNDFrame._stat_function[0;34m(self, name, func, axis, skipna, numeric_only, **kwargs)[0m
[1;32m  12438[0m nv[38;5;241m.[39mvalidate_func(name, (), kwargs)
[1;32m  12440[0m validate_bool_kwarg(skipna, [38;5;124m"[39m[38;5;124mskipna[39m[38;5;124m"[39m, none_allowed[38;5;241m=[39m[38;5;28;01mFalse[39;00m)
[0;32m> 12442[0m [38;5;28;01mreturn[39;00m [38;5;28;43mself[39;49m[38;5;241;43m.[39;49m[43m_reduce[49m[43m([49m
[1;32m  12443[0m [43m    [49m[43mfunc[49m[43m,[49m[43m [49m[43mname[49m[38;5;241;43m=[39;49m[43mname[49m[43m,[49m[43m [49m[43maxis[49m[38;5;241;43m=[39;49m[43maxis[49m[43m,[49m[43m [49m[43mskipna[49m[38;5;241;43m=[39;49m[43mskipna[49m[43m,[49m[43m [49m[43mnumeric_only[49m[38;5;241;43m=[39;49m[43mnumeric_only[49m
[1;32m  12444[0m [43m[49m[43m)[49m

File [0;32m~/miniforge3/envs/jupyterbook/lib/python3.10/site-packages/pandas/core/frame.py:11589[0m, in [0;36mDataFrame._reduce[0;34m(self, op, name, axis, skipna, numeric_only, filter_type, **kwds)[0m
[1;32m  11585[0m     df [38;5;241m=[39m df[38;5;241m.[39mT
[1;32m  11587[0m [38;5;66;03m# After possibly _get_data and transposing, we are now in the[39;00m
[1;32m  11588[0m [38;5;66;03m#  simple case where we can use BlockManager.reduce[39;00m
[0;32m> 11589[0m res [38;5;241m=[39m [43mdf[49m[38;5;241;43m.[39;49m[43m_mgr[49m[38;5;241;43m.[39;49m[43mreduce[49m[43m([49m[43mblk_func[49m[43m)[49m
[1;32m  11590[0m out [38;5;241m=[39m df[38;5;241m.[39m_constructor_from_mgr(res, axes[38;5;241m=[39mres[38;5;241m.[39maxes)[38;5;241m.[39miloc[[38;5;241m0[39m]
[1;32m  11591[0m [38;5;28;01mif[39;00m out_dtype [38;5;129;01mis[39;00m [38;5;129;01mnot[39;00m [38;5;28;01mNone[39;00m [38;5;129;01mand[39;00m out[38;5;241m.[39mdtype [38;5;241m!=[39m [38;5;124m"[39m[38;5;124mboolean[39m[38;5;124m"[39m:

File [0;32m~/miniforge3/envs/jupyterbook/lib/python3.10/site-packages/pandas/core/internals/managers.py:1519[0m, in [0;36mBlockManager.reduce[0;34m(self, func)[0m
[1;32m   1517[0m res_blocks: [38;5;28mlist[39m[Block] [38;5;241m=[39m []
[1;32m   1518[0m [38;5;28;01mfor[39;00m blk [38;5;129;01min[39;00m [38;5;28mself[39m[38;5;241m.[39mblocks:
[0;32m-> 1519[0m     nbs [38;5;241m=[39m [43mblk[49m[38;5;241;43m.[39;49m[43mreduce[49m[43m([49m[43mfunc[49m[43m)[49m
[1;32m   1520[0m     res_blocks[38;5;241m.[39mextend(nbs)
[1;32m   1522[0m index [38;5;241m=[39m Index([[38;5;28;01mNone[39;00m])  [38;5;66;03m# placeholder[39;00m

File [0;32m~/miniforge3/envs/jupyterbook/lib/python3.10/site-packages/pandas/core/internals/blocks.py:406[0m, in [0;36mBlock.reduce[0;34m(self, func)[0m
[1;32m    400[0m [38;5;129m@final[39m
[1;32m    401[0m [38;5;28;01mdef[39;00m[38;5;250m [39m[38;5;21mreduce[39m([38;5;28mself[39m, func) [38;5;241m-[39m[38;5;241m>[39m [38;5;28mlist[39m[Block]:
[1;32m    402[0m     [38;5;66;03m# We will apply the function and reshape the result into a single-row[39;00m
[1;32m    403[0m     [38;5;66;03m#  Block with the same mgr_locs; squeezing will be done at a higher level[39;00m
[1;32m    404[0m     [38;5;28;01massert[39;00m [38;5;28mself[39m[38;5;241m.[39mndim [38;5;241m==[39m [38;5;241m2[39m
[0;32m--> 406[0m     result [38;5;241m=[39m [43mfunc[49m[43m([49m[38;5;28;43mself[39;49m[38;5;241;43m.[39;49m[43mvalues[49m[43m)[49m
[1;32m    408[0m     [38;5;28;01mif[39;00m [38;5;28mself[39m[38;5;241m.[39mvalues[38;5;241m.[39mndim [38;5;241m==[39m [38;5;241m1[39m:
[1;32m    409[0m         res_values [38;5;241m=[39m result

File [0;32m~/miniforge3/envs/jupyterbook/lib/python3.10/site-packages/pandas/core/frame.py:11508[0m, in [0;36mDataFrame._reduce.<locals>.blk_func[0;34m(values, axis)[0m
[1;32m  11506[0m         [38;5;28;01mreturn[39;00m np[38;5;241m.[39marray([result])
[1;32m  11507[0m [38;5;28;01melse[39;00m:
[0;32m> 11508[0m     [38;5;28;01mreturn[39;00m [43mop[49m[43m([49m[43mvalues[49m[43m,[49m[43m [49m[43maxis[49m[38;5;241;43m=[39;49m[43maxis[49m[43m,[49m[43m [49m[43mskipna[49m[38;5;241;43m=[39;49m[43mskipna[49m[43m,[49m[43m [49m[38;5;241;43m*[39;49m[38;5;241;43m*[39;49m[43mkwds[49m[43m)[49m

File [0;32m~/miniforge3/envs/jupyterbook/lib/python3.10/site-packages/pandas/core/nanops.py:147[0m, in [0;36mbottleneck_switch.__call__.<locals>.f[0;34m(values, axis, skipna, **kwds)[0m
[1;32m    145[0m         result [38;5;241m=[39m alt(values, axis[38;5;241m=[39maxis, skipna[38;5;241m=[39mskipna, [38;5;241m*[39m[38;5;241m*[39mkwds)
[1;32m    146[0m [38;5;28;01melse[39;00m:
[0;32m--> 147[0m     result [38;5;241m=[39m [43malt[49m[43m([49m[43mvalues[49m[43m,[49m[43m [49m[43maxis[49m[38;5;241;43m=[39;49m[43maxis[49m[43m,[49m[43m [49m[43mskipna[49m[38;5;241;43m=[39;49m[43mskipna[49m[43m,[49m[43m [49m[38;5;241;43m*[39;49m[38;5;241;43m*[39;49m[43mkwds[49m[43m)[49m
[1;32m    149[0m [38;5;28;01mreturn[39;00m result

File [0;32m~/miniforge3/envs/jupyterbook/lib/python3.10/site-packages/pandas/core/nanops.py:404[0m, in [0;36m_datetimelike_compat.<locals>.new_func[0;34m(values, axis, skipna, mask, **kwargs)[0m
[1;32m    401[0m [38;5;28;01mif[39;00m datetimelike [38;5;129;01mand[39;00m mask [38;5;129;01mis[39;00m [38;5;28;01mNone[39;00m:
[1;32m    402[0m     mask [38;5;241m=[39m isna(values)
[0;32m--> 404[0m result [38;5;241m=[39m [43mfunc[49m[43m([49m[43mvalues[49m[43m,[49m[43m [49m[43maxis[49m[38;5;241;43m=[39;49m[43maxis[49m[43m,[49m[43m [49m[43mskipna[49m[38;5;241;43m=[39;49m[43mskipna[49m[43m,[49m[43m [49m[43mmask[49m[38;5;241;43m=[39;49m[43mmask[49m[43m,[49m[43m [49m[38;5;241;43m*[39;49m[38;5;241;43m*[39;49m[43mkwargs[49m[43m)[49m
[1;32m    406[0m [38;5;28;01mif[39;00m datetimelike:
[1;32m    407[0m     result [38;5;241m=[39m _wrap_results(result, orig_values[38;5;241m.[39mdtype, fill_value[38;5;241m=[39miNaT)

File [0;32m~/miniforge3/envs/jupyterbook/lib/python3.10/site-packages/pandas/core/nanops.py:720[0m, in [0;36mnanmean[0;34m(values, axis, skipna, mask)[0m
[1;32m    718[0m count [38;5;241m=[39m _get_counts(values[38;5;241m.[39mshape, mask, axis, dtype[38;5;241m=[39mdtype_count)
[1;32m    719[0m the_sum [38;5;241m=[39m values[38;5;241m.[39msum(axis, dtype[38;5;241m=[39mdtype_sum)
[0;32m--> 720[0m the_sum [38;5;241m=[39m [43m_ensure_numeric[49m[43m([49m[43mthe_sum[49m[43m)[49m
[1;32m    722[0m [38;5;28;01mif[39;00m axis [38;5;129;01mis[39;00m [38;5;129;01mnot[39;00m [38;5;28;01mNone[39;00m [38;5;129;01mand[39;00m [38;5;28mgetattr[39m(the_sum, [38;5;124m"[39m[38;5;124mndim[39m[38;5;124m"[39m, [38;5;28;01mFalse[39;00m):
[1;32m    723[0m     count [38;5;241m=[39m cast(np[38;5;241m.[39mndarray, count)

File [0;32m~/miniforge3/envs/jupyterbook/lib/python3.10/site-packages/pandas/core/nanops.py:1686[0m, in [0;36m_ensure_numeric[0;34m(x)[0m
[1;32m   1683[0m inferred [38;5;241m=[39m lib[38;5;241m.[39minfer_dtype(x)
[1;32m   1684[0m [38;5;28;01mif[39;00m inferred [38;5;129;01min[39;00m [[38;5;124m"[39m[38;5;124mstring[39m[38;5;124m"[39m, [38;5;124m"[39m[38;5;124mmixed[39m[38;5;124m"[39m]:
[1;32m   1685[0m     [38;5;66;03m# GH#44008, GH#36703 avoid casting e.g. strings to numeric[39;00m
[0;32m-> 1686[0m     [38;5;28;01mraise[39;00m [38;5;167;01mTypeError[39;00m([38;5;124mf[39m[38;5;124m"[39m[38;5;124mCould not convert [39m[38;5;132;01m{[39;00mx[38;5;132;01m}[39;00m[38;5;124m to numeric[39m[38;5;124m"[39m)
[1;32m   1687[0m [38;5;28;01mtry[39;00m:
[1;32m   1688[0m     x [38;5;241m=[39m x[38;5;241m.[39mastype(np[38;5;241m.[39mcomplex128)

[0;31mTypeError[0m: Could not convert ['AliceBobCharlie'] to numeric

